<?xml version="1.0" encoding="UTF-8" standalone="no"?>
<!DOCTYPE log SYSTEM "logger.dtd">
<log>
<record>
  <date>2019-03-11T15:07:25</date>
  <millis>1552338445156</millis>
  <sequence>0</sequence>
  <level>START</level>
  <class>com.kms.katalon.core.logging.XmlKeywordLogger</class>
  <method>startSuite</method>
  <thread>1</thread>
  <message>Start Test Suite : Test Suites/Suite Alpha/Smith Login</message>
  <nestedLevel>0</nestedLevel>
  <property name="name">Smith Login</property>
  <property name="description"></property>
  <property name="id">Test Suites/Suite Alpha/Smith Login</property>
</record>
<record>
  <date>2019-03-11T15:07:25</date>
  <millis>1552338445169</millis>
  <sequence>1</sequence>
  <level>RUN_DATA</level>
  <class>com.kms.katalon.core.logging.XmlKeywordLogger</class>
  <method>logMessage</method>
  <thread>1</thread>
  <message>hostName = patrick.murphy - BOU-CH78ST2.corp.gbrx.com</message>
  <nestedLevel>0</nestedLevel>
  <property name="hostName">patrick.murphy - BOU-CH78ST2.corp.gbrx.com</property>
</record>
<record>
  <date>2019-03-11T15:07:25</date>
  <millis>1552338445169</millis>
  <sequence>2</sequence>
  <level>RUN_DATA</level>
  <class>com.kms.katalon.core.logging.XmlKeywordLogger</class>
  <method>logMessage</method>
  <thread>1</thread>
  <message>os = Windows 10 64bit</message>
  <nestedLevel>0</nestedLevel>
  <property name="os">Windows 10 64bit</property>
</record>
<record>
  <date>2019-03-11T15:07:25</date>
  <millis>1552338445169</millis>
  <sequence>3</sequence>
  <level>RUN_DATA</level>
  <class>com.kms.katalon.core.logging.XmlKeywordLogger</class>
  <method>logMessage</method>
  <thread>1</thread>
  <message>hostAddress = 10.35.200.141</message>
  <nestedLevel>0</nestedLevel>
  <property name="hostAddress">10.35.200.141</property>
</record>
<record>
  <date>2019-03-11T15:07:25</date>
  <millis>1552338445170</millis>
  <sequence>4</sequence>
  <level>RUN_DATA</level>
  <class>com.kms.katalon.core.logging.XmlKeywordLogger</class>
  <method>logMessage</method>
  <thread>1</thread>
  <message>katalonVersion = 6.0.5.10</message>
  <nestedLevel>0</nestedLevel>
  <property name="katalonVersion">6.0.5.10</property>
</record>
</log>
